# JRE version: 7.0_17-b02
# Java VM: Java HotSpot(TM) 64-Bit Server VM (23.7-b01 mixed mode windows-amd64 compressed oops)
Heap
 PSYoungGen      total 108800K, used 52231K [0x00000000e0760000, 0x00000000ee240000, 0x0000000100000000)
  eden space 93824K, 39% used [0x00000000e0760000,0x00000000e2bc2350,0x00000000e6300000)
  from space 14976K, 99% used [0x00000000e6300000,0x00000000e719fb70,0x00000000e71a0000)
  to   space 18240K, 0% used [0x00000000ed070000,0x00000000ed070000,0x00000000ee240000)
 ParOldGen       total 64576K, used 15880K [0x00000000a1600000, 0x00000000a5510000, 0x00000000e0760000)
  object space 64576K, 24% used [0x00000000a1600000,0x00000000a25821d0,0x00000000a5510000)
 PSPermGen       total 23360K, used 23179K [0x000000009c400000, 0x000000009dad0000, 0x00000000a1600000)
  object space 23360K, 99% used [0x000000009c400000,0x000000009daa2e80,0x000000009dad0000)
GC Heap History (10 events):
Event: 1.523 GC heap before
{Heap before GC invocations=3 (full 0):
 PSYoungGen      total 28224K, used 28212K [0x00000000e0760000, 0x00000000e3e80000, 0x0000000100000000)
  eden space 24192K, 100% used [0x00000000e0760000,0x00000000e1f00000,0x00000000e1f00000)
  from space 4032K, 99% used [0x00000000e22f0000,0x00000000e26dd318,0x00000000e26e0000)
  to   space 4032K, 0% used [0x00000000e1f00000,0x00000000e1f00000,0x00000000e22f0000)
 ParOldGen       total 64576K, used 416K [0x00000000a1600000, 0x00000000a5510000, 0x00000000e0760000)
  object space 64576K, 0% used [0x00000000a1600000,0x00000000a1668350,0x00000000a5510000)
 PSPermGen       total 21248K, used 12410K [0x000000009c400000, 0x000000009d8c0000, 0x00000000a1600000)
  object space 21248K, 58% used [0x000000009c400000,0x000000009d01ebc8,0x000000009d8c0000)
Event: 1.530 GC heap after
Heap after GC invocations=3 (full 0):
 PSYoungGen      total 28224K, used 4016K [0x00000000e0760000, 0x00000000e3e80000, 0x0000000100000000)
  eden space 24192K, 0% used [0x00000000e0760000,0x00000000e0760000,0x00000000e1f00000)
  from space 4032K, 99% used [0x00000000e1f00000,0x00000000e22ec010,0x00000000e22f0000)
  to   space 4032K, 0% used [0x00000000e3a90000,0x00000000e3a90000,0x00000000e3e80000)
 ParOldGen       total 64576K, used 2167K [0x00000000a1600000, 0x00000000a5510000, 0x00000000e0760000)
  object space 64576K, 3% used [0x00000000a1600000,0x00000000a181dc38,0x00000000a5510000)
 PSPermGen       total 21248K, used 12410K [0x000000009c400000, 0x000000009d8c0000, 0x00000000a1600000)
  object space 21248K, 58% used [0x000000009c400000,0x000000009d01ebc8,0x000000009d8c0000)
}
Event: 2.043 GC heap before
{Heap before GC invocations=4 (full 0):
 PSYoungGen      total 28224K, used 28208K [0x00000000e0760000, 0x00000000e3e80000, 0x0000000100000000)
  eden space 24192K, 100% used [0x00000000e0760000,0x00000000e1f00000,0x00000000e1f00000)
  from space 4032K, 99% used [0x00000000e1f00000,0x00000000e22ec010,0x00000000e22f0000)
  to   space 4032K, 0% used [0x00000000e3a90000,0x00000000e3a90000,0x00000000e3e80000)
 ParOldGen       total 64576K, used 2167K [0x00000000a1600000, 0x00000000a5510000, 0x00000000e0760000)
  object space 64576K, 3% used [0x00000000a1600000,0x00000000a181dc38,0x00000000a5510000)
 PSPermGen       total 21248K, used 13028K [0x000000009c400000, 0x000000009d8c0000, 0x00000000a1600000)
  object space 21248K, 61% used [0x000000009c400000,0x000000009d0b93a8,0x000000009d8c0000)
Event: 2.051 GC heap after
Heap after GC invocations=4 (full 0):
 PSYoungGen      total 52416K, used 4000K [0x00000000e0760000, 0x00000000e3e80000, 0x0000000100000000)
  eden space 48384K, 0% used [0x00000000e0760000,0x00000000e0760000,0x00000000e36a0000)
  from space 4032K, 99% used [0x00000000e3a90000,0x00000000e3e78020,0x00000000e3e80000)
  to   space 4032K, 0% used [0x00000000e36a0000,0x00000000e36a0000,0x00000000e3a90000)
 ParOldGen       total 64576K, used 3792K [0x00000000a1600000, 0x00000000a5510000, 0x00000000e0760000)
  object space 64576K, 5% used [0x00000000a1600000,0x00000000a19b4110,0x00000000a5510000)
 PSPermGen       total 21248K, used 13028K [0x000000009c400000, 0x000000009d8c0000, 0x00000000a1600000)
  object space 21248K, 61% used [0x000000009c400000,0x000000009d0b93a8,0x000000009d8c0000)
}
Event: 3.108 GC heap before
{Heap before GC invocations=5 (full 0):
 PSYoungGen      total 52416K, used 52384K [0x00000000e0760000, 0x00000000e3e80000, 0x0000000100000000)
  eden space 48384K, 100% used [0x00000000e0760000,0x00000000e36a0000,0x00000000e36a0000)
  from space 4032K, 99% used [0x00000000e3a90000,0x00000000e3e78020,0x00000000e3e80000)
  to   space 4032K, 0% used [0x00000000e36a0000,0x00000000e36a0000,0x00000000e3a90000)
 ParOldGen       total 64576K, used 3792K [0x00000000a1600000, 0x00000000a5510000, 0x00000000e0760000)
  object space 64576K, 5% used [0x00000000a1600000,0x00000000a19b4110,0x00000000a5510000)
 PSPermGen       total 21248K, used 17044K [0x000000009c400000, 0x000000009d8c0000, 0x00000000a1600000)
  object space 21248K, 80% used [0x000000009c400000,0x000000009d4a5300,0x000000009d8c0000)
Event: 3.127 GC heap after
Heap after GC invocations=5 (full 0):
 PSYoungGen      total 52416K, used 4032K [0x00000000e0760000, 0x00000000e7d60000, 0x0000000100000000)
  eden space 48384K, 0% used [0x00000000e0760000,0x00000000e0760000,0x00000000e36a0000)
  from space 4032K, 100% used [0x00000000e36a0000,0x00000000e3a90000,0x00000000e3a90000)
  to   space 12032K, 0% used [0x00000000e71a0000,0x00000000e71a0000,0x00000000e7d60000)
 ParOldGen       total 64576K, used 13282K [0x00000000a1600000, 0x00000000a5510000, 0x00000000e0760000)
  object space 64576K, 20% used [0x00000000a1600000,0x00000000a22f8930,0x00000000a5510000)
 PSPermGen       total 21248K, used 17044K [0x000000009c400000, 0x000000009d8c0000, 0x00000000a1600000)
  object space 21248K, 80% used [0x000000009c400000,0x000000009d4a5300,0x000000009d8c0000)
}
Event: 5.864 GC heap before
{Heap before GC invocations=6 (full 0):
 PSYoungGen      total 52416K, used 52416K [0x00000000e0760000, 0x00000000e7d60000, 0x0000000100000000)
  eden space 48384K, 100% used [0x00000000e0760000,0x00000000e36a0000,0x00000000e36a0000)
  from space 4032K, 100% used [0x00000000e36a0000,0x00000000e3a90000,0x00000000e3a90000)
  to   space 12032K, 0% used [0x00000000e71a0000,0x00000000e71a0000,0x00000000e7d60000)
 ParOldGen       total 64576K, used 13282K [0x00000000a1600000, 0x00000000a5510000, 0x00000000e0760000)
  object space 64576K, 20% used [0x00000000a1600000,0x00000000a22f8930,0x00000000a5510000)
 PSPermGen       total 21248K, used 20750K [0x000000009c400000, 0x000000009d8c0000, 0x00000000a1600000)
  object space 21248K, 97% used [0x000000009c400000,0x000000009d8438b0,0x000000009d8c0000)
Event: 5.882 GC heap after
Heap after GC invocations=6 (full 0):
 PSYoungGen      total 105856K, used 12016K [0x00000000e0760000, 0x00000000e8320000, 0x0000000100000000)
  eden space 93824K, 0% used [0x00000000e0760000,0x00000000e0760000,0x00000000e6300000)
  from space 12032K, 99% used [0x00000000e71a0000,0x00000000e7d5c1d8,0x00000000e7d60000)
  to   space 14976K, 0% used [0x00000000e6300000,0x00000000e6300000,0x00000000e71a0000)
 ParOldGen       total 64576K, used 14688K [0x00000000a1600000, 0x00000000a5510000, 0x00000000e0760000)
  object space 64576K, 22% used [0x00000000a1600000,0x00000000a24581b0,0x00000000a5510000)
 PSPermGen       total 21248K, used 20750K [0x000000009c400000, 0x000000009d8c0000, 0x00000000a1600000)
  object space 21248K, 97% used [0x000000009c400000,0x000000009d8438b0,0x000000009d8c0000)
}
Event: 10.140 GC heap before
{Heap before GC invocations=7 (full 0):
 PSYoungGen      total 105856K, used 105840K [0x00000000e0760000, 0x00000000e8320000, 0x0000000100000000)
  eden space 93824K, 100% used [0x00000000e0760000,0x00000000e6300000,0x00000000e6300000)
  from space 12032K, 99% used [0x00000000e71a0000,0x00000000e7d5c1d8,0x00000000e7d60000)
  to   space 14976K, 0% used [0x00000000e6300000,0x00000000e6300000,0x00000000e71a0000)
 ParOldGen       total 64576K, used 14688K [0x00000000a1600000, 0x00000000a5510000, 0x00000000e0760000)
  object space 64576K, 22% used [0x00000000a1600000,0x00000000a24581b0,0x00000000a5510000)
 PSPermGen       total 22976K, used 22904K [0x000000009c400000, 0x000000009da70000, 0x00000000a1600000)
  object space 22976K, 99% used [0x000000009c400000,0x000000009da5e298,0x000000009da70000)
Event: 10.182 GC heap after
Heap after GC invocations=7 (full 0):
 PSYoungGen      total 108800K, used 14974K [0x00000000e0760000, 0x00000000ee240000, 0x0000000100000000)
  eden space 93824K, 0% used [0x00000000e0760000,0x00000000e0760000,0x00000000e6300000)
  from space 14976K, 99% used [0x00000000e6300000,0x00000000e719fb70,0x00000000e71a0000)
  to   space 18240K, 0% used [0x00000000ed070000,0x00000000ed070000,0x00000000ee240000)
 ParOldGen       total 64576K, used 15880K [0x00000000a1600000, 0x00000000a5510000, 0x00000000e0760000)
  object space 64576K, 24% used [0x00000000a1600000,0x00000000a25821d0,0x00000000a5510000)
 PSPermGen       total 22976K, used 22904K [0x000000009c400000, 0x000000009da70000, 0x00000000a1600000)
  object space 22976K, 99% used [0x000000009c400000,0x000000009da5e298,0x000000009da70000)
}

